Initializing the problem ...
Initialized the problem after 00:00:00.

Dimensions:
==========================
 T    N     F    K1    MD 
---  ----  ---  ----  ----
10   2439  18    5     12 
==========================

Formulations:
=========================================================
     Column Indices:         0     1      2     3     4  
--------------------------  ---  ------  ----  ---  -----
X1: Linear Characteristics   1   prices  hpwt  mpd  space
=========================================================
Solving the problem ...
Updating the weighting matrix ...
Computed results after 00:00:00.

Problem Results Summary:
==========================================
GMM   Objective  Clipped  Weighting Matrix
Step    Value    Shares   Condition Number
----  ---------  -------  ----------------
 1    +1.4E+03      0         +1.1E+09    
==========================================

Estimating standard errors ...
Computed results after 00:00:00.

Problem Results Summary:
=============================================================
GMM   Objective  Clipped  Weighting Matrix  Covariance Matrix
Step    Value    Shares   Condition Number  Condition Number 
----  ---------  -------  ----------------  -----------------
 2    +3.5E+02      0         +1.1E+09          +1.9E+06     
=============================================================

Cumulative Statistics:
========================
Computation   Objective 
   Time      Evaluations
-----------  -----------
 00:00:00         2     
========================

Beta Estimates (Robust SEs in Parentheses):
==========================================================
    1         prices       hpwt        mpd        space   
----------  ----------  ----------  ----------  ----------
 -1.2E+01    -2.3E-02    +1.1E+00    +3.5E+00    +6.8E-01 
(+7.9E-01)  (+2.3E-02)  (+1.2E+00)  (+2.9E-01)  (+7.5E-01)
==========================================================
Computing elasticities with respect to prices ...
Finished after 00:00:00.

Extracting diagonal means ...
Finished after 00:00:00.

0   -0.63673
dtype: float64
0    0.043983
dtype: float64
Computing markups ...
Finished after 00:00:00.

0    2.034273
dtype: float64
0    0.980894
dtype: float64
Initializing the problem ...
Absorbing demand-side fixed effects ...
Initialized the problem after 00:00:00.

Dimensions:
==============================================================
 T    N     F     I     K1    K2    K3    D    MD    MS    ED 
---  ----  ---  -----  ----  ----  ----  ---  ----  ----  ----
10   2439  18   31250   3     5     5     1    11    15    1  
==============================================================

Formulations:
===============================================================================
       Column Indices:            0          1         2          3         4  
-----------------------------  --------  ---------  --------  ----------  -----
 X1: Linear Characteristics      hpwt       mpd      space                     
X2: Nonlinear Characteristics     1       prices      hpwt       mpd      space
X3: Log Cost Characteristics      1      log(hpwt)  log(mpg)  log(space)  trend
       d: Demographics         1/income                                        
===============================================================================
Solving the problem ...

Nonlinear Coefficient Initial Values:
=============================================================================
Sigma:     1       prices     hpwt      mpd      space    |   Pi:    1/income
------  --------  --------  --------  --------  --------  |  ------  --------
  1     +1.5E+00                                          |    1     +0.0E+00
prices  +0.0E+00  +0.0E+00                                |  prices  -1.4E+01
 hpwt   +0.0E+00  +0.0E+00  +8.5E+00                      |   hpwt   +0.0E+00
 mpd    +0.0E+00  +0.0E+00  +0.0E+00  +8.5E+00            |   mpd    +0.0E+00
space   +0.0E+00  +0.0E+00  +0.0E+00  +0.0E+00  +8.5E+00  |  space   +0.0E+00
=============================================================================

Nonlinear Coefficient Lower Bounds:
=============================================================================
Sigma:     1       prices     hpwt      mpd      space    |   Pi:    1/income
------  --------  --------  --------  --------  --------  |  ------  --------
  1     +0.0E+00                                          |    1     +0.0E+00
prices  +0.0E+00  +0.0E+00                                |  prices  -1.0E+02
 hpwt   +0.0E+00  +0.0E+00  +0.0E+00                      |   hpwt   +0.0E+00
 mpd    +0.0E+00  +0.0E+00  +0.0E+00  +0.0E+00            |   mpd    +0.0E+00
space   +0.0E+00  +0.0E+00  +0.0E+00  +0.0E+00  +0.0E+00  |  space   +0.0E+00
=============================================================================

Nonlinear Coefficient Upper Bounds:
=============================================================================
Sigma:     1       prices     hpwt      mpd      space    |   Pi:    1/income
------  --------  --------  --------  --------  --------  |  ------  --------
  1     +1.0E+02                                          |    1     +0.0E+00
prices  +0.0E+00  +0.0E+00                                |  prices  -1.0E-01
 hpwt   +0.0E+00  +0.0E+00  +1.0E+02                      |   hpwt   +0.0E+00
 mpd    +0.0E+00  +0.0E+00  +0.0E+00  +1.0E+02            |   mpd    +0.0E+00
space   +0.0E+00  +0.0E+00  +0.0E+00  +0.0E+00  +1.0E+02  |  space   +0.0E+00
=============================================================================

Updating starting values for the weighting matrix and delta ...
Computed results after 00:00:20.

Starting optimization ...

GMM   Optimization   Objective   Fixed Point  Contraction  Clipped  Clipped  Objective   Objective     Projected                                                    
Step   Iterations   Evaluations  Iterations   Evaluations  Shares    Costs     Value    Improvement  Gradient Norm                       Theta                      
----  ------------  -----------  -----------  -----------  -------  -------  ---------  -----------  -------------  ------------------------------------------------
 1         0             1            0           10          0        0     +5.6E+02                  +6.4E+01     +1.5E+00, +8.5E+00, +8.5E+00, +8.5E+00, -1.4E+01
 1         0             2           156          478         0        0     +2.9E+02    +2.8E+02      +1.5E+01     +0.0E+00, +1.4E+01, +0.0E+00, +0.0E+00, -1.3E+01
 1         1             3           143          439         0        0     +2.6E+02    +2.4E+01      +1.0E+01     +0.0E+00, +1.1E+01, +7.4E-01, +0.0E+00, -1.5E+01
 1         2             4           140          431         0        0     +2.6E+02    +5.0E+00      +7.3E-01     +1.4E-02, +1.1E+01, +0.0E+00, +0.0E+00, -1.5E+01
 1         3             5           141          432         0        0     +2.6E+02    +7.3E-02      +5.9E-01     +0.0E+00, +1.0E+01, +0.0E+00, +0.0E+00, -1.6E+01
 1         4             6           138          425         0        0     +2.6E+02    +6.3E-02      +1.6E+00     +7.6E-02, +1.0E+01, +0.0E+00, +0.0E+00, -1.6E+01
 1         5             7           141          433         0        0     +2.6E+02    +9.7E-02      +4.7E-01     +0.0E+00, +1.0E+01, +0.0E+00, +0.0E+00, -1.6E+01
 1         6             8           140          431         0        0     +2.6E+02    +4.4E-02      +3.9E-01     +0.0E+00, +1.1E+01, +0.0E+00, +0.0E+00, -1.6E+01
 1         7             9           148          453         0        0     +2.6E+02    +9.3E-02      +1.4E+00     +0.0E+00, +1.1E+01, +0.0E+00, +4.1E-02, -1.7E+01
 1         8            10           150          458         0        0     +2.6E+02    +3.0E-02      +5.4E-02     +1.8E-04, +1.1E+01, +0.0E+00, +0.0E+00, -1.7E+01
 1         9            11           146          447         0        0     +2.6E+02    +2.5E-03      +1.1E-02     +0.0E+00, +1.1E+01, +0.0E+00, +2.7E-04, -1.7E+01
 1         10           12           146          446         0        0     +2.6E+02    +8.1E-05      +7.2E-03     +1.1E-04, +1.1E+01, +0.0E+00, +0.0E+00, -1.7E+01
 1         11           13           145          440         0        0     +2.6E+02    +2.3E-05      +3.5E-03     +0.0E+00, +1.1E+01, +0.0E+00, +0.0E+00, -1.7E+01
 1         12           14           146          446         0        0     +2.6E+02    +5.0E-06      +1.8E-04     +0.0E+00, +1.1E+01, +0.0E+00, +0.0E+00, -1.7E+01
 1         13           15           148          450         0        0     +2.6E+02    +5.5E-08      +8.1E-05     +4.2E-07, +1.1E+01, +0.0E+00, +2.3E-06, -1.7E+01

Optimization completed after 00:04:26.
Computing the Hessian and and updating the weighting matrix ...
Computed results after 00:03:18.

Problem Results Summary:
====================================================================================================
GMM   Objective    Projected    Reduced Hessian  Reduced Hessian  Clipped  Clipped  Weighting Matrix
Step    Value    Gradient Norm  Min Eigenvalue   Max Eigenvalue   Shares    Costs   Condition Number
----  ---------  -------------  ---------------  ---------------  -------  -------  ----------------
 1    +2.6E+02     +8.1E-05        +6.5E-17         +3.6E+01         0        0         +1.2E+09    
====================================================================================================

Starting optimization ...

GMM   Optimization   Objective   Fixed Point  Contraction  Clipped  Clipped  Objective   Objective     Projected                                                    
Step   Iterations   Evaluations  Iterations   Evaluations  Shares    Costs     Value    Improvement  Gradient Norm                       Theta                      
----  ------------  -----------  -----------  -----------  -------  -------  ---------  -----------  -------------  ------------------------------------------------
 2         0             1            0           10          0        0     +2.9E+02                  +4.2E+00     +4.2E-07, +1.1E+01, +0.0E+00, +2.3E-06, -1.7E+01
 2         0             2           137          418         0        0     +3.1E+02                  +1.1E+01     +0.0E+00, +6.8E+00, +0.0E+00, +0.0E+00, -1.8E+01
 2         0             3           129          396         0        0     +2.9E+02    +1.8E+00      +1.2E+00     +3.6E-07, +1.0E+01, +0.0E+00, +1.9E-06, -1.7E+01
 2         1             4           129          396         0        0     +2.9E+02    +5.3E-01      +1.4E+00     +0.0E+00, +1.0E+01, +0.0E+00, +0.0E+00, -1.7E+01
 2         2             5           114          348         0        0     +2.8E+02    +1.8E+00      +2.0E+00     +0.0E+00, +8.7E+00, +0.0E+00, +0.0E+00, -1.5E+01
 2         3             6           102          315         0        0     +2.8E+02    +3.0E+00      +5.0E-01     +0.0E+00, +5.8E+00, +0.0E+00, +0.0E+00, -1.2E+01
 2         4             7           103          318         0        0     +2.8E+02                  +4.8E-01     +0.0E+00, +6.4E+00, +0.0E+00, +0.0E+00, -1.3E+01
 2         4             8           104          321         0        0     +2.8E+02    +4.4E-02      +1.2E-01     +0.0E+00, +6.0E+00, +0.0E+00, +0.0E+00, -1.2E+01
 2         5             9           103          317         0        0     +2.8E+02    +2.4E-03      +1.1E-01     +0.0E+00, +6.0E+00, +4.9E-16, +0.0E+00, -1.2E+01
 2         6            10           101          315         0        0     +2.8E+02    +8.6E-03      +1.4E-02     +0.0E+00, +5.8E+00, +0.0E+00, +0.0E+00, -1.2E+01
 2         7            11           102          315         0        0     +2.8E+02    +1.8E-04      +2.0E-03     +0.0E+00, +5.8E+00, +4.2E-15, +0.0E+00, -1.2E+01
 2         8            12           103          319         0        0     +2.8E+02    +3.7E-06      +4.9E-05     +0.0E+00, +5.8E+00, +0.0E+00, +7.4E-10, -1.2E+01
 2         9            13           103          320         0        0     +2.8E+02    +2.0E-09      +1.8E-07     +1.3E-12, +5.8E+00, +0.0E+00, +0.0E+00, -1.2E+01

Optimization completed after 00:03:40.
Computing the Hessian and estimating standard errors ...

Failed to compute standard errors because of invalid estimated covariances of GMM parameters.

Computed results after 00:03:06.

Problem Results Summary:
=======================================================================================================================
GMM   Objective    Projected    Reduced Hessian  Reduced Hessian  Clipped  Clipped  Weighting Matrix  Covariance Matrix
Step    Value    Gradient Norm  Min Eigenvalue   Max Eigenvalue   Shares    Costs   Condition Number  Condition Number 
----  ---------  -------------  ---------------  ---------------  -------  -------  ----------------  -----------------
 2    +2.8E+02     +1.8E-07        +0.0E+00         +1.5E+01         0        0         +1.2E+09          +4.3E+20     
=======================================================================================================================

Cumulative Statistics:
===========================================================================
Computation  Optimizer  Optimization   Objective   Fixed Point  Contraction
   Time      Converged   Iterations   Evaluations  Iterations   Evaluations
-----------  ---------  ------------  -----------  -----------  -----------
 00:14:50       Yes          24           31          3823         11753   
===========================================================================

Nonlinear Coefficient Estimates (Robust SEs in Parentheses):
=======================================================================================
Sigma:      1        prices      hpwt        mpd        space     |   Pi:     1/income 
------  ----------  --------  ----------  ----------  ----------  |  ------  ----------
  1      +1.3E-12                                                 |    1      +0.0E+00 
        (+5.5E-11)                                                |                    
                                                                  |                    
prices   +0.0E+00   +0.0E+00                                      |  prices   -1.2E+01 
                                                                  |          (+1.7E+00)
                                                                  |                    
 hpwt    +0.0E+00   +0.0E+00   +5.8E+00                           |   hpwt    +0.0E+00 
                              (+2.1E+00)                          |                    
                                                                  |                    
 mpd     +0.0E+00   +0.0E+00   +0.0E+00    +0.0E+00               |   mpd     +0.0E+00 
                                             (NAN)                |                    
                                                                  |                    
space    +0.0E+00   +0.0E+00   +0.0E+00    +0.0E+00    +0.0E+00   |  space    +0.0E+00 
                                                      (+2.3E-13)  |                    
=======================================================================================

Beta Estimates (Robust SEs in Parentheses):
==================================
   hpwt        mpd        space   
----------  ----------  ----------
 +3.1E+00    +2.1E+00    +2.0E+00 
(+3.2E+00)  (+3.0E-01)  (+5.5E-01)
==================================

Gamma Estimates (Robust SEs in Parentheses):
==========================================================
    1       log(hpwt)    log(mpg)   log(space)    trend   
----------  ----------  ----------  ----------  ----------
 +3.7E+00    +7.9E-01    -3.8E-01    +1.6E+00    +1.1E-02 
(+5.1E-02)  (+3.7E-02)  (+4.2E-02)  (+5.3E-02)  (+2.6E-03)
==========================================================
Computing elasticities with respect to prices ...
Finished after 00:00:00.

Extracting diagonal means ...
Finished after 00:00:00.

0   -5.920996
dtype: float64
0    0.244056
dtype: float64
Computing markups ...
Finished after 00:00:00.

0    0.18825
dtype: float64
0    0.039877
dtype: float64
